# JRE version: OpenJDK Runtime Environment Microsoft-12574222 (25.0.1+8) (build 25.0.1+8-LTS)
# Java VM: OpenJDK 64-Bit Server VM Microsoft-12574222 (25.0.1+8-LTS, mixed mode, sharing, tiered, compressed oops, compressed class ptrs, g1 gc, linux-amd64)
GC Precious Log:
 CardTable entry size: 512
 Card Set container configuration: InlinePtr #cards 4 size 8 Array Of Cards #cards 64 size 144 Howl #buckets 8 coarsen threshold 14745 Howl Bitmap #cards 2048 size 272 coarsen threshold 1843 Card regions per heap region 1 cards per card region 16384
 CPUs: 4 total, 4 available
 Memory: 15995M
 Large Page Support: Disabled
 NUMA Support: Disabled
 Compressed Oops: Enabled (Zero based)
 Heap Region Size: 8M
 Heap Min Capacity: 1000M
 Heap Initial Capacity: 1000M
 Heap Max Capacity: 15000M
 Pre-touch: Disabled
 Parallel Workers: 4
 Concurrent Workers: 1
 Concurrent Refinement Workers: 4
 Periodic GC: Disabled
 G1 Time-Based Heap Sizing enabled (uncommit-only)
 Evaluation Interval: 60s, Uncommit Delay: 300s, Min Regions To Uncommit: 10
Heap:
 garbage-first heap   total reserved 15360000K, committed 1409024K, used 857150K [0x0000000456800000, 0x0000000800000000)
  region size 8192K, 77 young (630784K), 7 survivors (57344K)
GC Heap Usage History (20 events):
Event: 5.111 {heap Before GC invocations=6 (full 0):
 garbage-first heap   total reserved 15360000K, committed 1024000K, used 135483K [0x0000000456800000, 0x0000000800000000)
  region size 8192K, 5 young (40960K), 3 survivors (24576K)
}
Event: 5.130 {heap After GC invocations=7 (full 0):
 garbage-first heap   total reserved 15360000K, committed 1024000K, used 127835K [0x0000000456800000, 0x0000000800000000)
  region size 8192K, 3 young (24576K), 3 survivors (24576K)
}
Event: 5.178 {heap Before GC invocations=7 (full 0):
 garbage-first heap   total reserved 15360000K, committed 1024000K, used 136027K [0x0000000456800000, 0x0000000800000000)
  region size 8192K, 5 young (40960K), 3 survivors (24576K)
}
Event: 5.194 {heap After GC invocations=8 (full 0):
 garbage-first heap   total reserved 15360000K, committed 2048000K, used 129609K [0x0000000456800000, 0x0000000800000000)
  region size 8192K, 3 young (24576K), 3 survivors (24576K)
}
Event: 8.309 {heap Before GC invocations=9 (full 0):
 garbage-first heap   total reserved 15360000K, committed 1024000K, used 719433K [0x0000000456800000, 0x0000000800000000)
  region size 8192K, 75 young (614400K), 3 survivors (24576K)
}
Event: 8.372 {heap After GC invocations=10 (full 0):
 garbage-first heap   total reserved 15360000K, committed 1024000K, used 193129K [0x0000000456800000, 0x0000000800000000)
  region size 8192K, 10 young (81920K), 10 survivors (81920K)
}
Event: 9.126 {heap Before GC invocations=10 (full 0):
 garbage-first heap   total reserved 15360000K, committed 1024000K, used 340585K [0x0000000456800000, 0x0000000800000000)
  region size 8192K, 29 young (237568K), 10 survivors (81920K)
}
Event: 9.188 {heap After GC invocations=11 (full 0):
 garbage-first heap   total reserved 15360000K, committed 1024000K, used 209842K [0x0000000456800000, 0x0000000800000000)
  region size 8192K, 2 young (16384K), 2 survivors (16384K)
}
Event: 9.212 {heap Before GC invocations=11 (full 0):
 garbage-first heap   total reserved 15360000K, committed 1024000K, used 209842K [0x0000000456800000, 0x0000000800000000)
  region size 8192K, 3 young (24576K), 2 survivors (16384K)
}
Event: 9.223 {heap After GC invocations=12 (full 0):
 garbage-first heap   total reserved 15360000K, committed 1024000K, used 206411K [0x0000000456800000, 0x0000000800000000)
  region size 8192K, 2 young (16384K), 2 survivors (16384K)
}
Event: 12.261 {heap Before GC invocations=13 (full 0):
 garbage-first heap   total reserved 15360000K, committed 1024000K, used 804427K [0x0000000456800000, 0x0000000800000000)
  region size 8192K, 75 young (614400K), 2 survivors (16384K)
}
Event: 12.281 {heap After GC invocations=14 (full 0):
 garbage-first heap   total reserved 15360000K, committed 1024000K, used 222754K [0x0000000456800000, 0x0000000800000000)
  region size 8192K, 4 young (32768K), 4 survivors (32768K)
}
Event: 13.943 {heap Before GC invocations=14 (full 0):
 garbage-first heap   total reserved 15360000K, committed 1024000K, used 640546K [0x0000000456800000, 0x0000000800000000)
  region size 8192K, 56 young (458752K), 4 survivors (32768K)
}
Event: 13.996 {heap After GC invocations=15 (full 0):
 garbage-first heap   total reserved 15360000K, committed 1024000K, used 244379K [0x0000000456800000, 0x0000000800000000)
  region size 8192K, 7 young (57344K), 7 survivors (57344K)
}
Event: 14.029 {heap Before GC invocations=15 (full 0):
 garbage-first heap   total reserved 15360000K, committed 1024000K, used 244379K [0x0000000456800000, 0x0000000800000000)
  region size 8192K, 8 young (65536K), 7 survivors (57344K)
}
Event: 14.063 {heap After GC invocations=16 (full 0):
 garbage-first heap   total reserved 15360000K, committed 1024000K, used 246216K [0x0000000456800000, 0x0000000800000000)
  region size 8192K, 6 young (49152K), 6 survivors (49152K)
}
Event: 16.206 {heap Before GC invocations=17 (full 0):
 garbage-first heap   total reserved 15360000K, committed 1024000K, used 811464K [0x0000000456800000, 0x0000000800000000)
  region size 8192K, 75 young (614400K), 6 survivors (49152K)
}
Event: 16.256 {heap After GC invocations=18 (full 0):
 garbage-first heap   total reserved 15360000K, committed 1024000K, used 285815K [0x0000000456800000, 0x0000000800000000)
  region size 8192K, 10 young (81920K), 10 survivors (81920K)
}
Event: 17.438 {heap Before GC invocations=18 (full 0):
 garbage-first heap   total reserved 15360000K, committed 1024000K, used 810103K [0x0000000456800000, 0x0000000800000000)
  region size 8192K, 75 young (614400K), 10 survivors (81920K)
}
Event: 17.499 {heap After GC invocations=19 (full 0):
 garbage-first heap   total reserved 15360000K, committed 1409024K, used 300094K [0x0000000456800000, 0x0000000800000000)
  region size 8192K, 7 young (57344K), 7 survivors (57344K)
}

